<?xml version="1.0" encoding="UTF-8"?>
<testng-results skipped="0" failed="0" total="1" passed="1">
  <reporter-output>
  </reporter-output>
  <suite name="Default suite" duration-ms="8635" started-at="2016-07-26T08:02:44Z" finished-at="2016-07-26T08:02:53Z">
    <groups>
    </groups>
    <test name="Default test" duration-ms="8635" started-at="2016-07-26T08:02:44Z" finished-at="2016-07-26T08:02:53Z">
      <class name="training.TestChromeBrowser">
        <test-method status="PASS" signature="setUp()[pri:0, instance:training.TestChromeBrowser@feb3fa]" name="setUp" is-config="true" duration-ms="4094" started-at="2016-07-26T13:32:44Z" finished-at="2016-07-26T13:32:48Z">
          <reporter-output>
          </reporter-output>
        </test-method> <!-- setUp -->
        <test-method status="PASS" signature="testGooglePageTitleInChromeBrowser()[pri:0, instance:training.TestChromeBrowser@feb3fa]" name="testGooglePageTitleInChromeBrowser" duration-ms="3471" started-at="2016-07-26T13:32:48Z" finished-at="2016-07-26T13:32:52Z">
          <reporter-output>
          </reporter-output>
        </test-method> <!-- testGooglePageTitleInChromeBrowser -->
        <test-method status="PASS" signature="tearDown()[pri:0, instance:training.TestChromeBrowser@feb3fa]" name="tearDown" is-config="true" duration-ms="1052" started-at="2016-07-26T13:32:52Z" finished-at="2016-07-26T13:32:53Z">
          <reporter-output>
          </reporter-output>
        </test-method> <!-- tearDown -->
      </class> <!-- training.TestChromeBrowser -->
    </test> <!-- Default test -->
  </suite> <!-- Default suite -->
</testng-results>
